# JRE version: OpenJDK Runtime Environment Temurin-21.0.7+6 (21.0.7+6) (build 21.0.7+6-LTS)
# Java VM: OpenJDK 64-Bit Server VM Temurin-21.0.7+6 (21.0.7+6-LTS, mixed mode, sharing, tiered, compressed oops, compressed class ptrs, g1 gc, windows-amd64)
GC Precious Log:
 CardTable entry size: 512
 Card Set container configuration: InlinePtr #cards 4 size 8 Array Of Cards #cards 16 size 48 Howl #buckets 8 coarsen threshold 3686 Howl Bitmap #cards 512 size 80 coarsen threshold 460 Card regions per heap region 1 cards per card region 4096
 CPUs: 4 total, 4 available
 Memory: 3997M
 Large Page Support: Disabled
 NUMA Support: Disabled
 Compressed Oops: Enabled (Zero based)
 Heap Region Size: 2M
 Heap Min Capacity: 512M
 Heap Initial Capacity: 512M
 Heap Max Capacity: 4G
 Pre-touch: Disabled
 Parallel Workers: 4
 Concurrent Workers: 1
 Concurrent Refinement Workers: 4
 Periodic GC: Disabled
Heap:
 garbage-first heap   total 524288K, used 63928K [0x0000000700000000, 0x0000000800000000)
  region size 2048K, 10 young (20480K), 4 survivors (8192K)
 Metaspace       used 67746K, committed 69376K, reserved 1114112K
  class space    used 7129K, committed 7872K, reserved 1048576K
GC Heap History (18 events):
Event: 3.453 GC heap before
{Heap before GC invocations=0 (full 0):
 garbage-first heap   total 524288K, used 22528K [0x0000000700000000, 0x0000000800000000)
  region size 2048K, 12 young (24576K), 0 survivors (0K)
 Metaspace       used 4173K, committed 4480K, reserved 1114112K
  class space    used 449K, committed 576K, reserved 1048576K
}
Event: 3.482 GC heap after
{Heap after GC invocations=1 (full 0):
 garbage-first heap   total 524288K, used 4045K [0x0000000700000000, 0x0000000800000000)
  region size 2048K, 2 young (4096K), 2 survivors (4096K)
 Metaspace       used 4173K, committed 4480K, reserved 1114112K
  class space    used 449K, committed 576K, reserved 1048576K
}
Event: 6.406 GC heap before
{Heap before GC invocations=1 (full 0):
 garbage-first heap   total 524288K, used 28621K [0x0000000700000000, 0x0000000800000000)
  region size 2048K, 14 young (28672K), 2 survivors (4096K)
 Metaspace       used 7746K, committed 8000K, reserved 1114112K
  class space    used 785K, committed 896K, reserved 1048576K
}
Event: 6.420 GC heap after
{Heap after GC invocations=2 (full 0):
 garbage-first heap   total 524288K, used 6121K [0x0000000700000000, 0x0000000800000000)
  region size 2048K, 2 young (4096K), 2 survivors (4096K)
 Metaspace       used 7746K, committed 8000K, reserved 1114112K
  class space    used 785K, committed 896K, reserved 1048576K
}
Event: 47.449 GC heap before
{Heap before GC invocations=2 (full 0):
 garbage-first heap   total 524288K, used 47081K [0x0000000700000000, 0x0000000800000000)
  region size 2048K, 23 young (47104K), 2 survivors (4096K)
 Metaspace       used 9855K, committed 10176K, reserved 1114112K
  class space    used 992K, committed 1152K, reserved 1048576K
}
Event: 47.469 GC heap after
{Heap after GC invocations=3 (full 0):
 garbage-first heap   total 524288K, used 10654K [0x0000000700000000, 0x0000000800000000)
  region size 2048K, 3 young (6144K), 3 survivors (6144K)
 Metaspace       used 9855K, committed 10176K, reserved 1114112K
  class space    used 992K, committed 1152K, reserved 1048576K
}
Event: 51.749 GC heap before
{Heap before GC invocations=3 (full 0):
 garbage-first heap   total 524288K, used 94622K [0x0000000700000000, 0x0000000800000000)
  region size 2048K, 45 young (92160K), 3 survivors (6144K)
 Metaspace       used 20767K, committed 21504K, reserved 1114112K
  class space    used 2083K, committed 2368K, reserved 1048576K
}
Event: 51.771 GC heap after
{Heap after GC invocations=4 (full 0):
 garbage-first heap   total 524288K, used 15213K [0x0000000700000000, 0x0000000800000000)
  region size 2048K, 6 young (12288K), 6 survivors (12288K)
 Metaspace       used 20767K, committed 21504K, reserved 1114112K
  class space    used 2083K, committed 2368K, reserved 1048576K
}
Event: 55.040 GC heap before
{Heap before GC invocations=5 (full 0):
 garbage-first heap   total 524288K, used 152429K [0x0000000700000000, 0x0000000800000000)
  region size 2048K, 75 young (153600K), 6 survivors (12288K)
 Metaspace       used 35177K, committed 36096K, reserved 1114112K
  class space    used 3567K, committed 3968K, reserved 1048576K
}
Event: 55.074 GC heap after
{Heap after GC invocations=6 (full 0):
 garbage-first heap   total 524288K, used 20742K [0x0000000700000000, 0x0000000800000000)
  region size 2048K, 8 young (16384K), 8 survivors (16384K)
 Metaspace       used 35177K, committed 36096K, reserved 1114112K
  class space    used 3567K, committed 3968K, reserved 1048576K
}
Event: 78.336 GC heap before
{Heap before GC invocations=7 (full 0):
 garbage-first heap   total 524288K, used 315654K [0x0000000700000000, 0x0000000800000000)
  region size 2048K, 153 young (313344K), 8 survivors (16384K)
 Metaspace       used 54921K, committed 56192K, reserved 1114112K
  class space    used 5838K, committed 6464K, reserved 1048576K
}
Event: 78.717 GC heap after
{Heap after GC invocations=8 (full 0):
 garbage-first heap   total 524288K, used 38302K [0x0000000700000000, 0x0000000800000000)
  region size 2048K, 17 young (34816K), 17 survivors (34816K)
 Metaspace       used 54921K, committed 56192K, reserved 1114112K
  class space    used 5838K, committed 6464K, reserved 1048576K
}
Event: 85.346 GC heap before
{Heap before GC invocations=8 (full 0):
 garbage-first heap   total 524288K, used 97694K [0x0000000700000000, 0x0000000800000000)
  region size 2048K, 47 young (96256K), 17 survivors (34816K)
 Metaspace       used 57589K, committed 58944K, reserved 1114112K
  class space    used 6114K, committed 6720K, reserved 1048576K
}
Event: 85.445 GC heap after
{Heap after GC invocations=9 (full 0):
 garbage-first heap   total 524288K, used 39185K [0x0000000700000000, 0x0000000800000000)
  region size 2048K, 3 young (6144K), 3 survivors (6144K)
 Metaspace       used 57589K, committed 58944K, reserved 1114112K
  class space    used 6114K, committed 6720K, reserved 1048576K
}
Event: 91.014 GC heap before
{Heap before GC invocations=9 (full 0):
 garbage-first heap   total 524288K, used 182545K [0x0000000700000000, 0x0000000800000000)
  region size 2048K, 75 young (153600K), 3 survivors (6144K)
 Metaspace       used 59773K, committed 61056K, reserved 1114112K
  class space    used 6358K, committed 6912K, reserved 1048576K
}
Event: 91.046 GC heap after
{Heap after GC invocations=10 (full 0):
 garbage-first heap   total 524288K, used 51716K [0x0000000700000000, 0x0000000800000000)
  region size 2048K, 9 young (18432K), 9 survivors (18432K)
 Metaspace       used 59773K, committed 61056K, reserved 1114112K
  class space    used 6358K, committed 6912K, reserved 1048576K
}
Event: 114.038 GC heap before
{Heap before GC invocations=11 (full 0):
 garbage-first heap   total 524288K, used 184836K [0x0000000700000000, 0x0000000800000000)
  region size 2048K, 75 young (153600K), 9 survivors (18432K)
 Metaspace       used 66806K, committed 68352K, reserved 1114112K
  class space    used 7042K, committed 7744K, reserved 1048576K
}
Event: 114.117 GC heap after
{Heap after GC invocations=12 (full 0):
 garbage-first heap   total 524288K, used 55736K [0x0000000700000000, 0x0000000800000000)
  region size 2048K, 4 young (8192K), 4 survivors (8192K)
 Metaspace       used 66806K, committed 68352K, reserved 1114112K
  class space    used 7042K, committed 7744K, reserved 1048576K
}

