<?xml version="1.0" encoding="UTF-8"?>
<testsuite xmlns:xsi="http://www.w3.org/2001/XMLSchema-instance" xsi:noNamespaceSchemaLocation="https://maven.apache.org/surefire/maven-surefire-plugin/xsd/surefire-test-report.xsd" version="3.0.2" name="com.oc_p9.gateway_service.controller.AuthControllerTest" time="14.778" tests="3" errors="0" skipped="0" failures="0">
  <properties>
[...]
</properties>
  <testcase name="loginWithInvalidCredentialsShouldReturnUnauthorized" classname="com.oc_p9.gateway_service.controller.AuthControllerTest" time="13.248">
    <system-out><![CDATA[15:03:10.099 [main] INFO org.hibernate.validator.internal.util.Version -- HV000001: Hibernate Validator 8.0.2.Final
]]></system-out>
  </testcase>
  <testcase name="loginWithValidCredentialsShouldReturnTokenAndSetCookie" classname="com.oc_p9.gateway_service.controller.AuthControllerTest" time="1.253"/>
  <testcase name="logoutShouldReturnOkAndClearCookie" classname="com.oc_p9.gateway_service.controller.AuthControllerTest" time="0.262"/>
</testsuite>